{"/Users/anisosama/Salaam_react/Store_and_slices/appstore.js": {"path":"/Users/anisosama/Salaam_react/Store_and_slices/appstore.js","statementMap":{"0":{"start":{"line":4,"column":17},"end":{"line":8,"column":2}}},"fnMap":{},"branchMap":{},"s":{"0":1},"f":{},"b":{},"_coverageSchema":"1a1c01bbd47fc00a2c39e90264f33305004495a9","hash":"8b6ca934c03239b43270ea5e6592cfc69667c13b"}
,"/Users/anisosama/Salaam_react/Store_and_slices/cartSlice.js": {"path":"/Users/anisosama/Salaam_react/Store_and_slices/cartSlice.js","statementMap":{"0":{"start":{"line":3,"column":18},"end":{"line":19,"column":2}},"1":{"start":{"line":9,"column":34},"end":{"line":9,"column":66}},"2":{"start":{"line":11,"column":26},"end":{"line":11,"column":40}},"3":{"start":{"line":13,"column":16},"end":{"line":13,"column":78}},"4":{"start":{"line":13,"column":56},"end":{"line":13,"column":77}},"5":{"start":{"line":16,"column":28},"end":{"line":16,"column":48}},"6":{"start":{"line":21,"column":46},"end":{"line":21,"column":63}}},"fnMap":{"0":{"name":"(anonymous_0)","decl":{"start":{"line":9,"column":17},"end":{"line":9,"column":18}},"loc":{"start":{"line":9,"column":33},"end":{"line":9,"column":67}},"line":9},"1":{"name":"(anonymous_1)","decl":{"start":{"line":10,"column":20},"end":{"line":10,"column":21}},"loc":{"start":{"line":10,"column":36},"end":{"line":15,"column":13}},"line":10},"2":{"name":"(anonymous_2)","decl":{"start":{"line":13,"column":48},"end":{"line":13,"column":49}},"loc":{"start":{"line":13,"column":56},"end":{"line":13,"column":77}},"line":13},"3":{"name":"(anonymous_3)","decl":{"start":{"line":16,"column":18},"end":{"line":16,"column":19}},"loc":{"start":{"line":16,"column":27},"end":{"line":16,"column":49}},"line":16}},"branchMap":{},"s":{"0":1,"1":0,"2":0,"3":0,"4":0,"5":0,"6":1},"f":{"0":0,"1":0,"2":0,"3":0},"b":{},"_coverageSchema":"1a1c01bbd47fc00a2c39e90264f33305004495a9","hash":"2edc6da3ab216b7ebc71f44aaf849c2d2894d92a"}
,"/Users/anisosama/Salaam_react/src/components/Contact.js": {"path":"/Users/anisosama/Salaam_react/src/components/Contact.js","statementMap":{"0":{"start":{"line":1,"column":18},"end":{"line":5,"column":8}},"1":{"start":{"line":1,"column":23},"end":{"line":5,"column":7}}},"fnMap":{"0":{"name":"(anonymous_0)","decl":{"start":{"line":1,"column":18},"end":{"line":1,"column":19}},"loc":{"start":{"line":1,"column":22},"end":{"line":5,"column":8}},"line":1}},"branchMap":{},"s":{"0":1,"1":4},"f":{"0":4},"b":{},"_coverageSchema":"1a1c01bbd47fc00a2c39e90264f33305004495a9","hash":"ce457fdc379cd581aab10d7a6d27f0b88c8506dd"}
,"/Users/anisosama/Salaam_react/src/components/Heads.js": {"path":"/Users/anisosama/Salaam_react/src/components/Heads.js","statementMap":{"0":{"start":{"line":8,"column":14},"end":{"line":33,"column":1}},"1":{"start":{"line":9,"column":33},"end":{"line":9,"column":50}},"2":{"start":{"line":10,"column":28},"end":{"line":10,"column":45}},"3":{"start":{"line":11,"column":24},"end":{"line":11,"column":47}},"4":{"start":{"line":12,"column":26},"end":{"line":12,"column":64}},"5":{"start":{"line":12,"column":47},"end":{"line":12,"column":63}},"6":{"start":{"line":15,"column":4},"end":{"line":32,"column":11}},"7":{"start":{"line":27,"column":144},"end":{"line":27,"column":209}}},"fnMap":{"0":{"name":"(anonymous_0)","decl":{"start":{"line":8,"column":14},"end":{"line":8,"column":15}},"loc":{"start":{"line":8,"column":18},"end":{"line":33,"column":1}},"line":8},"1":{"name":"(anonymous_1)","decl":{"start":{"line":12,"column":38},"end":{"line":12,"column":39}},"loc":{"start":{"line":12,"column":47},"end":{"line":12,"column":63}},"line":12},"2":{"name":"(anonymous_2)","decl":{"start":{"line":27,"column":139},"end":{"line":27,"column":140}},"loc":{"start":{"line":27,"column":143},"end":{"line":29,"column":17}},"line":27}},"branchMap":{"0":{"loc":{"start":{"line":21,"column":58},"end":{"line":21,"column":92}},"type":"cond-expr","locations":[{"start":{"line":21,"column":84},"end":{"line":21,"column":87}},{"start":{"line":21,"column":88},"end":{"line":21,"column":92}}],"line":21},"1":{"loc":{"start":{"line":27,"column":144},"end":{"line":27,"column":208}},"type":"cond-expr","locations":[{"start":{"line":27,"column":168},"end":{"line":27,"column":187}},{"start":{"line":27,"column":190},"end":{"line":27,"column":208}}],"line":27}},"s":{"0":1,"1":1,"2":1,"3":1,"4":1,"5":2,"6":1,"7":0},"f":{"0":1,"1":2,"2":0},"b":{"0":[1,0],"1":[0,0]},"_coverageSchema":"1a1c01bbd47fc00a2c39e90264f33305004495a9","hash":"8961b8163bb1432fdca6bac9caeffd491d0b2328"}
,"/Users/anisosama/Salaam_react/src/components/sum.js": {"path":"/Users/anisosama/Salaam_react/src/components/sum.js","statementMap":{"0":{"start":{"line":1,"column":12},"end":{"line":4,"column":1}},"1":{"start":{"line":2,"column":4},"end":{"line":2,"column":15}}},"fnMap":{"0":{"name":"(anonymous_0)","decl":{"start":{"line":1,"column":12},"end":{"line":1,"column":13}},"loc":{"start":{"line":1,"column":20},"end":{"line":4,"column":1}},"line":1}},"branchMap":{},"s":{"0":1,"1":1},"f":{"0":1},"b":{},"_coverageSchema":"1a1c01bbd47fc00a2c39e90264f33305004495a9","hash":"b521f0cf147459675b937cd70e5bd0f51d8eed50"}
,"/Users/anisosama/Salaam_react/src/utils/constants.js": {"path":"/Users/anisosama/Salaam_react/src/utils/constants.js","statementMap":{"0":{"start":{"line":1,"column":32},"end":{"line":1,"column":115}},"1":{"start":{"line":2,"column":29},"end":{"line":2,"column":155}},"2":{"start":{"line":3,"column":29},"end":{"line":3,"column":152}},"3":{"start":{"line":4,"column":27},"end":{"line":4,"column":165}}},"fnMap":{},"branchMap":{},"s":{"0":1,"1":1,"2":1,"3":1},"f":{},"b":{},"_coverageSchema":"1a1c01bbd47fc00a2c39e90264f33305004495a9","hash":"29b101551ecdae7c7ddcaff55106c060cace1281"}
,"/Users/anisosama/Salaam_react/src/utils/useOnlinestatus.js": {"path":"/Users/anisosama/Salaam_react/src/utils/useOnlinestatus.js","statementMap":{"0":{"start":{"line":3,"column":24},"end":{"line":16,"column":1}},"1":{"start":{"line":4,"column":46},"end":{"line":4,"column":60}},"2":{"start":{"line":5,"column":4},"end":{"line":14,"column":10}},"3":{"start":{"line":6,"column":8},"end":{"line":8,"column":10}},"4":{"start":{"line":7,"column":12},"end":{"line":7,"column":35}},"5":{"start":{"line":9,"column":8},"end":{"line":12,"column":10}},"6":{"start":{"line":10,"column":12},"end":{"line":10,"column":34}},"7":{"start":{"line":15,"column":4},"end":{"line":15,"column":27}}},"fnMap":{"0":{"name":"(anonymous_0)","decl":{"start":{"line":3,"column":24},"end":{"line":3,"column":25}},"loc":{"start":{"line":3,"column":29},"end":{"line":16,"column":1}},"line":3},"1":{"name":"(anonymous_1)","decl":{"start":{"line":5,"column":14},"end":{"line":5,"column":15}},"loc":{"start":{"line":5,"column":18},"end":{"line":14,"column":5}},"line":5},"2":{"name":"(anonymous_2)","decl":{"start":{"line":6,"column":42},"end":{"line":6,"column":43}},"loc":{"start":{"line":6,"column":46},"end":{"line":8,"column":9}},"line":6},"3":{"name":"(anonymous_3)","decl":{"start":{"line":9,"column":41},"end":{"line":9,"column":42}},"loc":{"start":{"line":9,"column":45},"end":{"line":12,"column":9}},"line":9}},"branchMap":{},"s":{"0":1,"1":1,"2":1,"3":1,"4":0,"5":1,"6":0,"7":1},"f":{"0":1,"1":1,"2":0,"3":0},"b":{},"_coverageSchema":"1a1c01bbd47fc00a2c39e90264f33305004495a9","hash":"71937f066607710040f913534358bcb0744de46b"}
,"/Users/anisosama/Salaam_react/src/utils/usercontext.js": {"path":"/Users/anisosama/Salaam_react/src/utils/usercontext.js","statementMap":{"0":{"start":{"line":3,"column":20},"end":{"line":4,"column":26}}},"fnMap":{},"branchMap":{},"s":{"0":1},"f":{},"b":{},"_coverageSchema":"1a1c01bbd47fc00a2c39e90264f33305004495a9","hash":"92ff8d44c4af3d2294506c72f9f55706b3b1c052"}
}
